/*C133*/SET SCHEMA PUBLIC
CONNECT USER SA
/*C134*/SET SCHEMA PUBLIC
CONNECT USER SA
DISCONNECT
/*C135*/SET SCHEMA PUBLIC
CONNECT USER SA
DISCONNECT
/*C136*/SET SCHEMA PUBLIC
CONNECT USER SA
DISCONNECT
/*C137*/SET SCHEMA PUBLIC
CONNECT USER SA
DISCONNECT
/*C138*/SET SCHEMA PUBLIC
CONNECT USER SA
DISCONNECT
/*C139*/SET SCHEMA PUBLIC
CONNECT USER SA
DISCONNECT
/*C140*/SET SCHEMA PUBLIC
CONNECT USER SA
/*C141*/SET SCHEMA PUBLIC
CONNECT USER SA
DISCONNECT
/*C140*/DISCONNECT
/*C142*/SET SCHEMA PUBLIC
CONNECT USER SA
DISCONNECT
/*C143*/SET SCHEMA PUBLIC
CONNECT USER SA
DISCONNECT
/*C144*/SET SCHEMA PUBLIC
CONNECT USER SA
DISCONNECT
/*C145*/SET SCHEMA PUBLIC
CONNECT USER SA
DISCONNECT
/*C146*/SET SCHEMA PUBLIC
CONNECT USER SA
/*C147*/SET SCHEMA PUBLIC
CONNECT USER SA
DISCONNECT
/*C146*/DISCONNECT
/*C148*/SET SCHEMA PUBLIC
CONNECT USER SA
/*C149*/SET SCHEMA PUBLIC
CONNECT USER SA
DISCONNECT
/*C148*/DISCONNECT
/*C150*/SET SCHEMA PUBLIC
CONNECT USER SA
DISCONNECT
/*C151*/SET SCHEMA PUBLIC
CONNECT USER SA
DISCONNECT
/*C152*/SET SCHEMA PUBLIC
CONNECT USER SA
DISCONNECT
/*C153*/SET SCHEMA PUBLIC
CONNECT USER SA
DISCONNECT
/*C154*/SET SCHEMA PUBLIC
CONNECT USER SA
DISCONNECT
/*C155*/SET SCHEMA PUBLIC
CONNECT USER SA
DISCONNECT
/*C156*/SET SCHEMA PUBLIC
CONNECT USER SA
/*C157*/SET SCHEMA PUBLIC
CONNECT USER SA
DISCONNECT
/*C156*/DISCONNECT
/*C158*/SET SCHEMA PUBLIC
CONNECT USER SA
DISCONNECT
/*C159*/SET SCHEMA PUBLIC
CONNECT USER SA
/*C160*/SET SCHEMA PUBLIC
CONNECT USER SA
DISCONNECT
/*C159*/DISCONNECT
/*C161*/SET SCHEMA PUBLIC
CONNECT USER SA
DISCONNECT
/*C162*/SET SCHEMA PUBLIC
CONNECT USER SA
DISCONNECT
/*C163*/SET SCHEMA PUBLIC
CONNECT USER SA
DISCONNECT
/*C164*/SET SCHEMA PUBLIC
CONNECT USER SA
DISCONNECT
/*C165*/SET SCHEMA PUBLIC
CONNECT USER SA
/*C166*/SET SCHEMA PUBLIC
CONNECT USER SA
DISCONNECT
/*C165*/DISCONNECT
/*C167*/SET SCHEMA PUBLIC
CONNECT USER SA
DISCONNECT
/*C168*/SET SCHEMA PUBLIC
CONNECT USER SA
DISCONNECT
/*C169*/SET SCHEMA PUBLIC
CONNECT USER SA
DISCONNECT
/*C170*/SET SCHEMA PUBLIC
CONNECT USER SA
/*C171*/SET SCHEMA PUBLIC
CONNECT USER SA
DISCONNECT
/*C170*/DISCONNECT
/*C172*/SET SCHEMA PUBLIC
CONNECT USER SA
DISCONNECT
/*C173*/SET SCHEMA PUBLIC
CONNECT USER SA
SET AUTOCOMMIT FALSE
DELETE FROM TIPO_MOVIMENTACAO WHERE CODIGO=6
INSERT INTO TIPO_MOVIMENTACAO VALUES(6,'Teste 4','13123',3)
SET AUTOCOMMIT TRUE
DISCONNECT
/*C174*/SET SCHEMA PUBLIC
CONNECT USER SA
DISCONNECT
/*C175*/SET SCHEMA PUBLIC
CONNECT USER SA
DISCONNECT
/*C176*/SET SCHEMA PUBLIC
CONNECT USER SA
SET AUTOCOMMIT FALSE
DELETE FROM TIPO_MOVIMENTACAO WHERE CODIGO=7
INSERT INTO TIPO_MOVIMENTACAO VALUES(7,'Darlan','Darlan',3)
SET AUTOCOMMIT TRUE
DISCONNECT
/*C177*/SET SCHEMA PUBLIC
CONNECT USER SA
DISCONNECT
/*C178*/SET SCHEMA PUBLIC
CONNECT USER SA
DISCONNECT
/*C179*/SET SCHEMA PUBLIC
CONNECT USER SA
/*C180*/SET SCHEMA PUBLIC
CONNECT USER SA
DISCONNECT
/*C179*/DISCONNECT
/*C181*/SET SCHEMA PUBLIC
CONNECT USER SA
DISCONNECT
/*C182*/SET SCHEMA PUBLIC
CONNECT USER SA
DISCONNECT
/*C183*/SET SCHEMA PUBLIC
CONNECT USER SA
SET AUTOCOMMIT FALSE
DELETE FROM TIPO_MOVIMENTACAO WHERE CODIGO=6
INSERT INTO TIPO_MOVIMENTACAO VALUES(6,'Teste 5','13123',3)
SET AUTOCOMMIT TRUE
DISCONNECT
/*C184*/SET SCHEMA PUBLIC
CONNECT USER SA
DISCONNECT
/*C185*/SET SCHEMA PUBLIC
CONNECT USER SA
DISCONNECT
/*C186*/SET SCHEMA PUBLIC
CONNECT USER SA
DISCONNECT
/*C187*/SET SCHEMA PUBLIC
CONNECT USER SA
/*C188*/SET SCHEMA PUBLIC
CONNECT USER SA
DISCONNECT
/*C189*/SET SCHEMA PUBLIC
CONNECT USER SA
DISCONNECT
/*C187*/DISCONNECT
/*C190*/SET SCHEMA PUBLIC
CONNECT USER SA
/*C191*/SET SCHEMA PUBLIC
CONNECT USER SA
DISCONNECT
/*C190*/DISCONNECT
/*C192*/SET SCHEMA PUBLIC
CONNECT USER SA
DISCONNECT
/*C193*/SET SCHEMA PUBLIC
CONNECT USER SA
/*C194*/SET SCHEMA PUBLIC
CONNECT USER SA
DISCONNECT
/*C193*/DISCONNECT
/*C195*/SET SCHEMA PUBLIC
CONNECT USER SA
DISCONNECT
/*C196*/SET SCHEMA PUBLIC
CONNECT USER SA
DISCONNECT
/*C197*/SET SCHEMA PUBLIC
CONNECT USER SA
DISCONNECT
/*C198*/SET SCHEMA PUBLIC
CONNECT USER SA
/*C199*/SET SCHEMA PUBLIC
CONNECT USER SA
DISCONNECT
/*C198*/DISCONNECT
/*C200*/SET SCHEMA PUBLIC
CONNECT USER SA
DISCONNECT
/*C201*/SET SCHEMA PUBLIC
CONNECT USER SA
DISCONNECT
/*C133*/DELETE FROM MOVIMENTACAO WHERE CODIGO=4
DELETE FROM MOVIMENTACAO WHERE CODIGO=7
DELETE FROM TIPO_MOVIMENTACAO WHERE CODIGO=6
DELETE FROM TIPO_MOVIMENTACAO WHERE CODIGO=7
/*C202*/SET SCHEMA PUBLIC
CONNECT USER SA
INSERT INTO TIPO_MOVIMENTACAO VALUES(8,'T1','T1',3)
DISCONNECT
/*C203*/SET SCHEMA PUBLIC
CONNECT USER SA
DISCONNECT
/*C204*/SET SCHEMA PUBLIC
CONNECT USER SA
SET AUTOCOMMIT FALSE
DELETE FROM TIPO_MOVIMENTACAO WHERE CODIGO=8
INSERT INTO TIPO_MOVIMENTACAO VALUES(8,'T8','T1',3)
SET AUTOCOMMIT TRUE
DISCONNECT
/*C205*/SET SCHEMA PUBLIC
CONNECT USER SA
DISCONNECT
/*C206*/SET SCHEMA PUBLIC
CONNECT USER SA
DISCONNECT
/*C207*/SET SCHEMA PUBLIC
CONNECT USER SA
DISCONNECT
/*C208*/SET SCHEMA PUBLIC
CONNECT USER SA
/*C209*/SET SCHEMA PUBLIC
CONNECT USER SA
DISCONNECT
/*C208*/DISCONNECT
/*C210*/SET SCHEMA PUBLIC
CONNECT USER SA
DISCONNECT
/*C211*/SET SCHEMA PUBLIC
CONNECT USER SA
INSERT INTO MOVIMENTACAO VALUES(8,'Darlan','D','2222-12-22 00:00:00.000000000',120.0,'A',8,3)
DISCONNECT
/*C212*/SET SCHEMA PUBLIC
CONNECT USER SA
DISCONNECT
/*C213*/SET SCHEMA PUBLIC
CONNECT USER SA
DISCONNECT
/*C214*/SET SCHEMA PUBLIC
CONNECT USER SA
SET AUTOCOMMIT FALSE
DELETE FROM MOVIMENTACAO WHERE CODIGO=8
INSERT INTO MOVIMENTACAO VALUES(8,'Darlan','R','2223-10-12 00:00:00.000000000',120.0,'N',8,3)
SET AUTOCOMMIT TRUE
DISCONNECT
/*C215*/SET SCHEMA PUBLIC
CONNECT USER SA
DISCONNECT
/*C216*/SET SCHEMA PUBLIC
CONNECT USER SA
SET AUTOCOMMIT FALSE
DELETE FROM MOVIMENTACAO WHERE CODIGO=8
INSERT INTO MOVIMENTACAO VALUES(8,'Darlan','R','2018-12-10 00:00:00.000000000',120.0,'N',8,3)
SET AUTOCOMMIT TRUE
DISCONNECT
/*C217*/SET SCHEMA PUBLIC
CONNECT USER SA
DISCONNECT
/*C218*/SET SCHEMA PUBLIC
CONNECT USER SA
SET AUTOCOMMIT FALSE
DELETE FROM MOVIMENTACAO WHERE CODIGO=8
INSERT INTO MOVIMENTACAO VALUES(8,'Darlan','R','2018-10-12 00:00:00.000000000',120.0,'N',8,3)
SET AUTOCOMMIT TRUE
DISCONNECT
/*C219*/SET SCHEMA PUBLIC
CONNECT USER SA
DISCONNECT
/*C220*/SET SCHEMA PUBLIC
CONNECT USER SA
SET AUTOCOMMIT FALSE
DELETE FROM MOVIMENTACAO WHERE CODIGO=8
INSERT INTO MOVIMENTACAO VALUES(8,'Darlan','R','2018-12-10 00:00:00.000000000',120.0,'N',8,3)
SET AUTOCOMMIT TRUE
DISCONNECT
/*C221*/SET SCHEMA PUBLIC
CONNECT USER SA
DISCONNECT
/*C222*/SET SCHEMA PUBLIC
CONNECT USER SA
SET AUTOCOMMIT FALSE
DELETE FROM MOVIMENTACAO WHERE CODIGO=8
INSERT INTO MOVIMENTACAO VALUES(8,'Darlan','R','2018-10-12 00:00:00.000000000',120.0,'D',8,3)
SET AUTOCOMMIT TRUE
DISCONNECT
/*C223*/SET SCHEMA PUBLIC
CONNECT USER SA
/*C224*/SET SCHEMA PUBLIC
CONNECT USER SA
DISCONNECT
/*C225*/SET SCHEMA PUBLIC
CONNECT USER SA
DISCONNECT
/*C223*/DISCONNECT
/*C226*/SET SCHEMA PUBLIC
CONNECT USER SA
/*C227*/SET SCHEMA PUBLIC
CONNECT USER SA
DISCONNECT
/*C226*/DISCONNECT
/*C228*/SET SCHEMA PUBLIC
CONNECT USER SA
DISCONNECT
/*C229*/SET SCHEMA PUBLIC
CONNECT USER SA
DISCONNECT
/*C230*/SET SCHEMA PUBLIC
CONNECT USER SA
SET AUTOCOMMIT FALSE
DELETE FROM MOVIMENTACAO WHERE CODIGO=8
INSERT INTO MOVIMENTACAO VALUES(8,'Darlan','R','2018-12-10 00:00:00.000000000',120.0,'D',8,3)
SET AUTOCOMMIT TRUE
DISCONNECT
/*C231*/SET SCHEMA PUBLIC
CONNECT USER SA
DISCONNECT
/*C232*/SET SCHEMA PUBLIC
CONNECT USER SA
DISCONNECT
/*C233*/SET SCHEMA PUBLIC
CONNECT USER SA
SET AUTOCOMMIT FALSE
DELETE FROM USUARIO WHERE CODIGO=3
INSERT INTO USUARIO VALUES(3,'Darlan','Candiotto','darlan.candiotto98@gmail.com','2000-03-06','M','12345678978','Divorciado',150.5,'darlan','25f9e794323b453885f5181f1b624d0b')
SET AUTOCOMMIT TRUE
DISCONNECT
/*C234*/SET SCHEMA PUBLIC
CONNECT USER SA
DISCONNECT
/*C235*/SET SCHEMA PUBLIC
CONNECT USER SA
SET AUTOCOMMIT FALSE
DELETE FROM USUARIO WHERE CODIGO=3
INSERT INTO USUARIO VALUES(3,'Darlan','Candiotto','darlan.candiotto98@gmail.com','2000-03-06','M','12345678978','Divorciado',150.5,'darlan','25f9e794323b453885f5181f1b624d0b')
SET AUTOCOMMIT TRUE
DISCONNECT
/*C236*/SET SCHEMA PUBLIC
CONNECT USER SA
SET AUTOCOMMIT FALSE
DELETE FROM USUARIO WHERE CODIGO=3
INSERT INTO USUARIO VALUES(3,'Darlan','Candiotto','darlan.candiotto98@gmail.com','2000-03-06','M','12345678978','Divorciado',150.5,'darlan','25f9e794323b453885f5181f1b624d0b')
SET AUTOCOMMIT TRUE
DISCONNECT
/*C237*/SET SCHEMA PUBLIC
CONNECT USER SA
/*C238*/SET SCHEMA PUBLIC
CONNECT USER SA
DISCONNECT
/*C237*/DISCONNECT
/*C239*/SET SCHEMA PUBLIC
CONNECT USER SA
DISCONNECT
/*C240*/SET SCHEMA PUBLIC
CONNECT USER SA
DISCONNECT
/*C241*/SET SCHEMA PUBLIC
CONNECT USER SA
SET AUTOCOMMIT FALSE
DELETE FROM MOVIMENTACAO WHERE CODIGO=8
INSERT INTO MOVIMENTACAO VALUES(8,'Darlan','R','2018-12-10 00:00:00.000000000',120.0,'D',8,3)
SET AUTOCOMMIT TRUE
DISCONNECT
/*C242*/SET SCHEMA PUBLIC
CONNECT USER SA
DISCONNECT
/*C243*/SET SCHEMA PUBLIC
CONNECT USER SA
SET AUTOCOMMIT FALSE
DELETE FROM MOVIMENTACAO WHERE CODIGO=8
INSERT INTO MOVIMENTACAO VALUES(8,'Darlan','R','2017-12-10 00:00:00.000000000',120.0,'D',8,3)
SET AUTOCOMMIT TRUE
DISCONNECT
/*C244*/SET SCHEMA PUBLIC
CONNECT USER SA
DISCONNECT
/*C245*/SET SCHEMA PUBLIC
CONNECT USER SA
SET AUTOCOMMIT FALSE
DELETE FROM MOVIMENTACAO WHERE CODIGO=8
INSERT INTO MOVIMENTACAO VALUES(8,'Darlan','R','2017-12-09 00:00:00.000000000',120.0,'D',8,3)
SET AUTOCOMMIT TRUE
DISCONNECT
/*C246*/SET SCHEMA PUBLIC
CONNECT USER SA
DISCONNECT
/*C247*/SET SCHEMA PUBLIC
CONNECT USER SA
SET AUTOCOMMIT FALSE
DELETE FROM MOVIMENTACAO WHERE CODIGO=8
INSERT INTO MOVIMENTACAO VALUES(8,'Darlan','R','2017-12-09 00:00:00.000000000',120.5,'D',8,3)
SET AUTOCOMMIT TRUE
DISCONNECT
/*C248*/SET SCHEMA PUBLIC
CONNECT USER SA
DISCONNECT
/*C249*/SET SCHEMA PUBLIC
CONNECT USER SA
DISCONNECT
/*C250*/SET SCHEMA PUBLIC
CONNECT USER SA
/*C251*/SET SCHEMA PUBLIC
CONNECT USER SA
DISCONNECT
/*C250*/DISCONNECT
/*C252*/SET SCHEMA PUBLIC
CONNECT USER SA
DISCONNECT
/*C253*/SET SCHEMA PUBLIC
CONNECT USER SA
SET AUTOCOMMIT FALSE
DELETE FROM USUARIO WHERE CODIGO=3
INSERT INTO USUARIO VALUES(3,'Darlan','Candiotto','darlan.candiotto98@gmail.com','1998-06-27','M','12345678978','Divorciado',150.5,'darlan','25f9e794323b453885f5181f1b624d0b')
SET AUTOCOMMIT TRUE
DISCONNECT
/*C254*/SET SCHEMA PUBLIC
CONNECT USER SA
DISCONNECT
/*C255*/SET SCHEMA PUBLIC
CONNECT USER SA
SET AUTOCOMMIT FALSE
DELETE FROM USUARIO WHERE CODIGO=3
INSERT INTO USUARIO VALUES(3,'Darlan','Candiotto','darlan.candiotto98@gmail.com','2010-06-27','M','12345678978','Divorciado',150.5,'darlan','25f9e794323b453885f5181f1b624d0b')
SET AUTOCOMMIT TRUE
DISCONNECT
/*C256*/SET SCHEMA PUBLIC
CONNECT USER SA
DISCONNECT
/*C257*/SET SCHEMA PUBLIC
CONNECT USER SA
DISCONNECT
/*C258*/SET SCHEMA PUBLIC
CONNECT USER SA
DISCONNECT
/*C259*/SET SCHEMA PUBLIC
CONNECT USER SA
/*C260*/SET SCHEMA PUBLIC
CONNECT USER SA
DISCONNECT
/*C261*/SET SCHEMA PUBLIC
CONNECT USER SA
DISCONNECT
/*C262*/SET SCHEMA PUBLIC
CONNECT USER SA
DISCONNECT
/*C259*/DISCONNECT
/*C263*/SET SCHEMA PUBLIC
CONNECT USER SA
/*C264*/SET SCHEMA PUBLIC
CONNECT USER SA
DISCONNECT
/*C263*/DISCONNECT
/*C265*/SET SCHEMA PUBLIC
CONNECT USER SA
DISCONNECT
/*C266*/SET SCHEMA PUBLIC
CONNECT USER SA
DISCONNECT
/*C267*/SET SCHEMA PUBLIC
CONNECT USER SA
/*C268*/SET SCHEMA PUBLIC
CONNECT USER SA
DISCONNECT
/*C269*/SET SCHEMA PUBLIC
CONNECT USER SA
DISCONNECT
/*C270*/SET SCHEMA PUBLIC
CONNECT USER SA
/*C271*/SET SCHEMA PUBLIC
CONNECT USER SA
DISCONNECT
/*C270*/DISCONNECT
/*C267*/DISCONNECT
/*C133*/DELETE FROM MOVIMENTACAO WHERE CODIGO=8
DELETE FROM TIPO_MOVIMENTACAO WHERE CODIGO=8
DELETE FROM USUARIO WHERE CODIGO=3
